
2012-03-23 11:37:41 (main):: Task Instance: {4742} PID: {20704}

2012-03-23 11:37:41 (process_task):: Task Name POSIX Sysinfo - Version 1.000 (DEBUG LEVEL: 4), Ecosystem id: 

2012-03-23 11:37:41 (get_steps):: select step_id, upper(codeblock_name), step_order, function_name
			, function_xml
			, output_parse_type, output_row_delimiter, output_column_delimiter
			, variable_xml
		from task_step 
		where task_id = '7e6659b6-5810-4c4f-b737-3bc6ffe38793'
			and commented = 0
		order by codeblock_name, step_order asc

2012-03-23 11:37:41 (get_steps):: DEBUG: 9099168c-2310-4c51-980e-8be80184d2b9 MAIN 1 new_connection {<function command_type="new_connection"><conn_type input_type="select">ssh - ec2</conn_type><cloud_name input_type="dropdown" style="combo"></cloud_name><asset input_type="text">i-a30b97c7</asset><conn_name input_type="text">CONN1</conn_name></function>} 0 0 0 {}

2012-03-23 11:37:41 (get_steps):: DEBUG: 79458e2e-bb63-4328-8b73-f9cf4a54fe32 MAIN 2 cmd_line {<function command_type="cmd_line" parse_method="2"><conn_name input_type="text">CONN1</conn_name><command input_type="text">uname</command><timeout input_type="text" /><positive_response input_type="text" /><negative_response input_type="text" /></function>} 2 0 0 {}

2012-03-23 11:37:41 (get_steps):: DEBUG: 93f603a2-1d25-44ae-bcf8-71626598b9f6 MAIN 3 cmd_line {<function command_type="cmd_line" parse_method="2"><conn_name input_type="text">CONN1</conn_name><command input_type="text">df</command><timeout input_type="text" /><positive_response input_type="text" /><negative_response input_type="text" /></function>} 2 0 0 {}

2012-03-23 11:37:41 (get_steps):: DEBUG: ce0e1ae2-688f-46de-abbb-525f700d088a MAIN 4 cmd_line {<function command_type="cmd_line" parse_method="2"><conn_name input_type="text">CONN1</conn_name><command input_type="text">uptime</command><timeout input_type="text" /><positive_response input_type="text" /><negative_response input_type="text" /></function>} 2 0 0 {}

2012-03-23 11:37:41 (get_steps):: DEBUG: 95250206-e974-49b4-a065-0e2d191ba05f MAIN 5 cmd_line {<function command_type="cmd_line" parse_method="2"><conn_name input_type="text">CONN1</conn_name><command input_type="text">date</command><timeout input_type="text" /><positive_response input_type="text" /><negative_response input_type="text" /></function>} 2 0 0 {}

2012-03-23 11:37:41 (get_steps):: DEBUG: 562c3d9f-25f0-4a95-bb65-959e7a19b15b MAIN 6 cmd_line {<function command_type="cmd_line" parse_method="2"><conn_name input_type="text">CONN1</conn_name><command input_type="text">hostname</command><timeout input_type="text" /><positive_response input_type="text" /><negative_response input_type="text" /></function>} 2 0 0 {}

2012-03-23 11:37:41 (get_steps):: DEBUG: 6d585e4a-bc5a-4a66-b2e8-b3a71a2c6c29 MAIN 7 cmd_line {<function command_type="cmd_line" parse_method="2"><conn_name input_type="text">CONN1</conn_name><command input_type="text">ifconfig</command><timeout input_type="text" /><positive_response input_type="text" /><negative_response input_type="text" /></function>} 2 0 0 {}

2012-03-23 11:37:41 (get_steps):: DEBUG: 323f9fe6-5924-402f-b7be-23071301b4f3 MAIN 8 cmd_line {<function command_type="cmd_line" parse_method="2"><conn_name input_type="text">CONN1</conn_name><command input_type="text">ps ax | wc -l</command><timeout input_type="text" /><positive_response input_type="text" /><negative_response input_type="text" /></function>} 2 0 0 {}

2012-03-23 11:37:41 (retrieve_params):: Task parameters ><.

2012-03-23 11:37:41 (retrieve_params):: Task parameters ><parameters></parameters><.

2012-03-23 11:37:41 (run_commands):: ##### Processing Codeblock {MAIN}

2012-03-23 11:37:41 (process_step):: **************************************************************

2012-03-23 11:37:41 (process_step):: **** PROCESSING STEP 9099168c-2310-4c51-980e-8be80184d2b9

2012-03-23 11:37:41 (process_step):: **************************************************************

2012-03-23 11:37:41 (process_step):: Command is {new_connection}

2012-03-23 11:37:41 (run_task_instance):: ERROR -> Error Code: 9999, The user id value is required for a connection type of ssh - ec2, example: root@i-a30b97c7

2012-03-23 11:37:41 (run_task_instance):: The user id value is required for a connection type of ssh - ec2, example: root@i-a30b97c7
    (procedure "error_out" line 1)
    invoked from within
"error_out "The user id value is required for a connection type of ssh - ec2, example: root@$connection_system" 9999"
    (procedure "new_connection" line 30)
    invoked from within
"new_connection $connection_system $conn_name $conn_type $cloud_name"
    (procedure "new_connection_command" line 18)
    invoked from within
"new_connection_command $command"
    ("new_connection" arm line 2)
    invoked from within
"switch -glob -- $function_name {
	       "aws_*" {
		      set aws_split [split $function_name "_"]
		      aws_Generic [lindex $aws_split 1] [lindex ..."
    (procedure "process_step" line 55)
    invoked from within
"process_step $codeblock_step $task_name"
    (procedure "run_commands" line 44)
    invoked from within
"run_commands $TASK_ID MAIN"
    (procedure "process_task" line 66)
    invoked from within
"process_task"

2012-03-23 11:37:41 (insert_audit):: ERROR -> Error Code: 9999, The user id value is required for a connection type of ssh - ec2, example: root@i-a30b97c7

2012-03-23 11:37:41 (run_task_instance):: can't read "::CE_NAME": no such variable

2012-03-23 11:37:41 (update_status):: Updating task instance {4742} to {Error}.

2012-03-23 11:37:41 (insert_audit):: Erroring task instance {4742}... error code {NONE}.

2012-03-23 11:37:41 (update_status):: Updating task instance {4742} to {Error}.

2012-03-23 11:37:41 (release_all):: Releasing all connections

2012-03-23 11:37:41 (insert_audit):: <result_summary><items></items></result_summary>
