
2012-03-23 11:38:11 (main):: Task Instance: {4743} PID: {20743}

2012-03-23 11:38:11 (process_task):: Task Name POSIX Sysinfo - Version 1.000 (DEBUG LEVEL: 4), Ecosystem id: 

2012-03-23 11:38:11 (get_steps):: select step_id, upper(codeblock_name), step_order, function_name
			, function_xml
			, output_parse_type, output_row_delimiter, output_column_delimiter
			, variable_xml
		from task_step 
		where task_id = '7e6659b6-5810-4c4f-b737-3bc6ffe38793'
			and commented = 0
		order by codeblock_name, step_order asc

2012-03-23 11:38:11 (get_steps):: DEBUG: 9099168c-2310-4c51-980e-8be80184d2b9 MAIN 1 new_connection {<function command_type="new_connection"><conn_type input_type="select">ssh - ec2</conn_type><cloud_name input_type="dropdown" style="combo"></cloud_name><asset input_type="text">ubuntu@i-a30b97c7</asset><conn_name input_type="text">CONN1</conn_name></function>} 0 0 0 {}

2012-03-23 11:38:11 (get_steps):: DEBUG: 79458e2e-bb63-4328-8b73-f9cf4a54fe32 MAIN 2 cmd_line {<function command_type="cmd_line" parse_method="2"><conn_name input_type="text">CONN1</conn_name><command input_type="text">uname</command><timeout input_type="text" /><positive_response input_type="text" /><negative_response input_type="text" /></function>} 2 0 0 {}

2012-03-23 11:38:11 (get_steps):: DEBUG: 93f603a2-1d25-44ae-bcf8-71626598b9f6 MAIN 3 cmd_line {<function command_type="cmd_line" parse_method="2"><conn_name input_type="text">CONN1</conn_name><command input_type="text">df</command><timeout input_type="text" /><positive_response input_type="text" /><negative_response input_type="text" /></function>} 2 0 0 {}

2012-03-23 11:38:11 (get_steps):: DEBUG: ce0e1ae2-688f-46de-abbb-525f700d088a MAIN 4 cmd_line {<function command_type="cmd_line" parse_method="2"><conn_name input_type="text">CONN1</conn_name><command input_type="text">uptime</command><timeout input_type="text" /><positive_response input_type="text" /><negative_response input_type="text" /></function>} 2 0 0 {}

2012-03-23 11:38:11 (get_steps):: DEBUG: 95250206-e974-49b4-a065-0e2d191ba05f MAIN 5 cmd_line {<function command_type="cmd_line" parse_method="2"><conn_name input_type="text">CONN1</conn_name><command input_type="text">date</command><timeout input_type="text" /><positive_response input_type="text" /><negative_response input_type="text" /></function>} 2 0 0 {}

2012-03-23 11:38:11 (get_steps):: DEBUG: 562c3d9f-25f0-4a95-bb65-959e7a19b15b MAIN 6 cmd_line {<function command_type="cmd_line" parse_method="2"><conn_name input_type="text">CONN1</conn_name><command input_type="text">hostname</command><timeout input_type="text" /><positive_response input_type="text" /><negative_response input_type="text" /></function>} 2 0 0 {}

2012-03-23 11:38:11 (get_steps):: DEBUG: 6d585e4a-bc5a-4a66-b2e8-b3a71a2c6c29 MAIN 7 cmd_line {<function command_type="cmd_line" parse_method="2"><conn_name input_type="text">CONN1</conn_name><command input_type="text">ifconfig</command><timeout input_type="text" /><positive_response input_type="text" /><negative_response input_type="text" /></function>} 2 0 0 {}

2012-03-23 11:38:11 (get_steps):: DEBUG: 323f9fe6-5924-402f-b7be-23071301b4f3 MAIN 8 cmd_line {<function command_type="cmd_line" parse_method="2"><conn_name input_type="text">CONN1</conn_name><command input_type="text">ps ax | wc -l</command><timeout input_type="text" /><positive_response input_type="text" /><negative_response input_type="text" /></function>} 2 0 0 {}

2012-03-23 11:38:11 (retrieve_params):: Task parameters ><.

2012-03-23 11:38:11 (retrieve_params):: Task parameters ><parameters></parameters><.

2012-03-23 11:38:11 (run_commands):: ##### Processing Codeblock {MAIN}

2012-03-23 11:38:11 (process_step):: **************************************************************

2012-03-23 11:38:11 (process_step):: **** PROCESSING STEP 9099168c-2310-4c51-980e-8be80184d2b9

2012-03-23 11:38:11 (process_step):: **************************************************************

2012-03-23 11:38:11 (process_step):: Command is {new_connection}

2012-03-23 11:38:12 (gather_aws_system_info):: <?xml version="1.0" encoding="UTF-8"?>
<DescribeInstancesResponse xmlns="http://ec2.amazonaws.com/doc/2011-01-01/">
    <requestId>e4b8a0d6-9fff-4fc5-b80f-83ddd1078811</requestId>
    <reservationSet>
        <item>
            <reservationId>r-f2eb0791</reservationId>
            <ownerId>168072514917</ownerId>
            <groupSet>
                <item>
                    <groupId>sg-49dfcd20</groupId>
                    <groupName>csk_cato_dev</groupName>
                </item>
            </groupSet>
            <instancesSet>
                <item>
                    <instanceId>i-a30b97c7</instanceId>
                    <imageId>ami-baba68d3</imageId>
                    <instanceState>
                        <code>16</code>
                        <name>running</name>
                    </instanceState>
                    <privateDnsName>domU-12-31-39-16-D4-0B.compute-1.internal</privateDnsName>
                    <dnsName>ec2-50-19-166-64.compute-1.amazonaws.com</dnsName>
                    <reason/>
                    <keyName>csk_cato_dev_us-east-1</keyName>
                    <amiLaunchIndex>0</amiLaunchIndex>
                    <productCodes/>
                    <instanceType>t1.micro</instanceType>
                    <launchTime>2012-03-22T17:14:23.000Z</launchTime>
                    <placement>
                        <availabilityZone>us-east-1a</availabilityZone>
                        <groupName/>
                    </placement>
                    <kernelId>aki-825ea7eb</kernelId>
                    <monitoring>
                        <state>disabled</state>
                    </monitoring>
                    <privateIpAddress>10.96.215.249</privateIpAddress>
                    <ipAddress>50.19.166.64</ipAddress>
                    <groupSet>
                        <item>
                            <groupId>sg-49dfcd20</groupId>
                            <groupName>csk_cato_dev</groupName>
                        </item>
                    </groupSet>
                    <architecture>x86_64</architecture>
                    <rootDeviceType>ebs</rootDeviceType>
                    <rootDeviceName>/dev/sda1</rootDeviceName>
                    <blockDeviceMapping>
                        <item>
                            <deviceName>/dev/sda1</deviceName>
                            <ebs>
                                <volumeId>vol-1772237b</volumeId>
                                <status>attached</status>
                                <attachTime>2012-03-22T17:14:49.000Z</attachTime>
                                <deleteOnTermination>true</deleteOnTermination>
                            </ebs>
                        </item>
                    </blockDeviceMapping>
                    <virtualizationType>paravirtual</virtualizationType>
                    <clientToken/>
                    <tagSet>
                        <item>
                            <key>Name</key>
                            <value>chef server</value>
                        </item>
                    </tagSet>
                    <hypervisor>xen</hypervisor>
                </item>
            </instancesSet>
        </item>
    </reservationSet>
</DescribeInstancesResponse>

2012-03-23 11:38:12 (gather_aws_system_info):: i-a30b97c7 state = running, keyname = csk_cato_dev_us-east-1, platform = linux, address = ec2-50-19-166-64.compute-1.amazonaws.com

2012-03-23 11:38:12 (insert_audit):: Connecting to (ubuntu@i-a30b97c7)... 

2012-03-23 11:38:12 (connect_system):: Going into system ec2-50-19-166-64.compute-1.amazonaws.com userid ubuntu with conn type of ssh - ec2

2012-03-23 11:38:12 (run_task_instance):: ERROR -> Error Code: 3000, The private key "csk_cato_dev_us-east-1" was not found. Add the private key for key name "csk_cato_dev_us-east-1" to the cloud account "csk"

2012-03-23 11:38:12 (run_task_instance):: The private key "csk_cato_dev_us-east-1" was not found. Add the private key for key name "csk_cato_dev_us-east-1" to the cloud account "csk"
    (procedure "error_out" line 1)
    invoked from within
"error_out "The private key \"$::system_arr($system,private_key_name)\" was not found. Add the private key for key name \"$::system_arr($system,private..."
    ("ssh - ec2" arm line 3)
    invoked from within
"switch -exact -- $conn_type {
		telnet {
			set timeout_flag [telnet_logon $::system_arr($system,address) $::system_arr($system,userid) $::system_arr(..."
    (procedure "connect_system" line 21)
    invoked from within
"connect_system $connection_system $conn_type """
    (procedure "new_connection" line 50)
    invoked from within
"new_connection $connection_system $conn_name $conn_type $cloud_name"
    (procedure "new_connection_command" line 18)
    invoked from within
"new_connection_command $command"
    ("new_connection" arm line 2)
    invoked from within
"switch -glob -- $function_name {
	       "aws_*" {
		      set aws_split [split $function_name "_"]
		      aws_Generic [lindex $aws_split 1] [lindex ..."
    (procedure "process_step" line 55)
    invoked from within
"process_step $codeblock_step $task_name"
    (procedure "run_commands" line 44)
    invoked from within
"run_commands $TASK_ID MAIN"
    (procedure "process_task" line 66)
    invoked from within
"process_task"

2012-03-23 11:38:12 (insert_audit):: ERROR -> Error Code: 3000, The private key "csk_cato_dev_us-east-1" was not found. Add the private key for key name "csk_cato_dev_us-east-1" to the cloud account "csk"

2012-03-23 11:38:12 (run_task_instance):: can't read "::CE_NAME": no such variable

2012-03-23 11:38:12 (update_status):: Updating task instance {4743} to {Error}.

2012-03-23 11:38:12 (insert_audit):: Erroring task instance {4743}... error code {NONE}.

2012-03-23 11:38:12 (update_status):: Updating task instance {4743} to {Error}.

2012-03-23 11:38:12 (release_all):: Releasing all connections

2012-03-23 11:38:12 (insert_audit):: <result_summary><items></items></result_summary>
