
2012-04-13 09:09:04 (main):: Task Instance: {4748} PID: {61174}

2012-04-13 09:09:04 (process_task):: Task Name Chef Wordpress (Solo) - Version 1.000 (DEBUG LEVEL: 4), Ecosystem id: 

2012-04-13 09:09:04 (get_steps):: select step_id, upper(codeblock_name), step_order, function_name
			, function_xml
			, output_parse_type, output_row_delimiter, output_column_delimiter
			, variable_xml
		from task_step 
		where task_id = '758cb654-cafb-4e13-80af-9c8e2cf3fa1f'
			and commented = 0
		order by codeblock_name, step_order asc

2012-04-13 09:09:05 (get_steps):: DEBUG: 8b8de316-2178-4bb5-ac52-47d308e5c1b0 A760A6CD-1542-418F-9E81-59F901A6176D -1 cmd_line {<function command_type="cmd_line" variables="true" parse_method="2"><conn_name input_type="text">CONN1</conn_name><command input_type="text">sudo knife cookbook site install [[cookbooks,[[x]]]] --cookbook-path /var/chef-repo/cookbooks</command><timeout input_type="text" /><positive_response input_type="text" /><negative_response input_type="text" /></function>} 2 0 0 {}

2012-04-13 09:09:05 (get_steps):: DEBUG: 08861cdf-640b-4ecb-b05c-e631cfad2637 CONFIGURE_CHEF 2 cmd_line {<function command_type="cmd_line" variables="true" parse_method="2"><conn_name input_type="text">CONN1</conn_name><command input_type="text">sudo echo -e "file_cache_path \"/var/chef-repo\"\ncookbook_path \"/var/chef-repo/cookbooks\"" | tee solo.rb</command><timeout input_type="text" /><positive_response input_type="text" /><negative_response input_type="text" /></function>} 2 0 0 {}

2012-04-13 09:09:05 (get_steps):: DEBUG: fd2e4395-8b60-48b5-9c0b-8b69a4029252 CONFIGURE_CHEF 3 cmd_line {<function command_type="cmd_line" variables="true" parse_method="2"><conn_name input_type="text">CONN1</conn_name><command input_type="text">sudo mv solo.rb /etc/chef</command><timeout input_type="text" /><positive_response input_type="text" /><negative_response input_type="text" /></function>} 2 0 0 {}

2012-04-13 09:09:05 (get_steps):: DEBUG: cbc80ac6-714c-4b25-8e27-a5d3ae675ff0 CONFIGURE_CHEF 4 cmd_line {<function command_type="cmd_line" variables="true" parse_method="2"><conn_name input_type="text">CONN1</conn_name><command input_type="text">cd /var</command><timeout input_type="text" /><positive_response input_type="text" /><negative_response input_type="text" /></function>} 2 0 0 {}

2012-04-13 09:09:05 (get_steps):: DEBUG: 1ff3e94b-d365-4b30-a500-48c979aa6db4 CONFIGURE_CHEF 5 cmd_line {<function command_type="cmd_line" variables="true" parse_method="2"><conn_name input_type="text">CONN1</conn_name><command input_type="text">sudo git clone git://github.com/opscode/chef-repo.git</command><timeout input_type="text" /><positive_response input_type="text" /><negative_response input_type="text" /></function>} 2 0 0 {}

2012-04-13 09:09:05 (get_steps):: DEBUG: a760a6cd-1542-418f-9e81-59f901a6176d COOKBOOKS 1 loop {<function command_type="loop"><start input_type="text">1</start><counter input_type="text">x</counter><test input_type="select">&lt;=</test><compare_to input_type="text">[[cookbooks,*]]</compare_to><increment input_type="text">1</increment><action input_type="text">8b8de316-2178-4bb5-ac52-47d308e5c1b0</action><max input_type="text" /></function>} 0 0 0 {}

2012-04-13 09:09:05 (get_steps):: DEBUG: e9694fef-577a-4121-af34-3a376e3a7674 DEFINE_NODE 1 set_variable {<function command_type="set_variable"><variable><name input_type="text">NODE_JSON</name><value input_type="text">{
    "wordpress": {
        "db": {
            "database": "mywpdb",
            "host": "localhost",
            "user": "mywp",
            "password": "mywp"
        }
    },
    "run_list": ["recipe[wordpress]"]
}</value><modifier input_type="select">DEFAULT</modifier></variable></function>} 0 0 0 {}

2012-04-13 09:09:05 (get_steps):: DEBUG: c7f8505a-f29e-480d-82ee-74b40697eb03 DEFINE_NODE 2 cmd_line {<function command_type="cmd_line" variables="true" parse_method="2"><conn_name input_type="text">CONN1</conn_name><command input_type="text">echo '[[NODE_JSON]]' | tee ~/node.json</command><timeout input_type="text" /><positive_response input_type="text" /><negative_response input_type="text" /></function>} 2 0 0 {}

2012-04-13 09:09:05 (get_steps):: DEBUG: 71b6a676-8a12-4dbd-8d35-1390daa7bd6a INSTALL_PACKAGES 1 cmd_line {<function command_type="cmd_line" variables="true" parse_method="2"><conn_name input_type="text">CONN1</conn_name><command input_type="text">echo "deb http://apt.opscode.com/ `lsb_release -cs`-0.10 main" | sudo tee /etc/apt/sources.list.d/opscode.list</command><timeout input_type="text" /><positive_response input_type="text" /><negative_response input_type="text" /></function>} 2 0 0 {}

2012-04-13 09:09:05 (get_steps):: DEBUG: eb6270a0-1c0a-4c49-9ea9-ab50d8db9eb3 INSTALL_PACKAGES 2 cmd_line {<function command_type="cmd_line" variables="true" parse_method="2"><conn_name input_type="text">CONN1</conn_name><command input_type="text">sudo mkdir -p /etc/apt/trusted.gpg.d</command><timeout input_type="text" /><positive_response input_type="text" /><negative_response input_type="text" /></function>} 2 0 0 {}

2012-04-13 09:09:05 (get_steps):: DEBUG: bef7f193-46ea-4850-880f-fb7cf8ca3c03 INSTALL_PACKAGES 3 cmd_line {<function command_type="cmd_line" variables="true" parse_method="2"><conn_name input_type="text">CONN1</conn_name><command input_type="text">gpg --keyserver keys.gnupg.net --recv-keys 83EF826A</command><timeout input_type="text" /><positive_response input_type="text" /><negative_response input_type="text" /></function>} 2 0 0 {}

2012-04-13 09:09:05 (get_steps):: DEBUG: 8dbbd8b4-1c6d-4ece-8896-218b8aaca089 INSTALL_PACKAGES 4 cmd_line {<function command_type="cmd_line" variables="true" parse_method="2"><conn_name input_type="text">CONN1</conn_name><command input_type="text">gpg --export packages@opscode.com | sudo tee /etc/apt/trusted.gpg.d/opscode-keyring.gpg &gt; /dev/null</command><timeout input_type="text" /><positive_response input_type="text" /><negative_response input_type="text" /></function>} 2 0 0 {}

2012-04-13 09:09:05 (get_steps):: DEBUG: 00bf052b-9ac7-4967-884f-c1e9b0ae1d32 INSTALL_PACKAGES 5 cmd_line {<function command_type="cmd_line" variables="true" parse_method="2"><conn_name input_type="text">CONN1</conn_name><command input_type="text">sudo apt-get update -y</command><timeout input_type="text">300</timeout><positive_response input_type="text" /><negative_response input_type="text" /></function>} 2 0 0 {}

2012-04-13 09:09:05 (get_steps):: DEBUG: 2c8dd9f4-441d-4453-b35d-0fba13fe6955 INSTALL_PACKAGES 6 cmd_line {<function command_type="cmd_line" variables="true" parse_method="2"><conn_name input_type="text">CONN1</conn_name><command input_type="text">sudo apt-get install opscode-keyring # permanent upgradeable keyring</command><timeout input_type="text" /><positive_response input_type="text" /><negative_response input_type="text" /></function>} 2 0 0 {}

2012-04-13 09:09:05 (get_steps):: DEBUG: a8501ed5-3999-43a6-a299-b27957ab1804 INSTALL_PACKAGES 8 cmd_line {<function command_type="cmd_line" variables="true" parse_method="2"><conn_name input_type="text">CONN1</conn_name><command input_type="text">echo "chef chef/chef_server_url string none" | sudo debconf-set-selections &amp;&amp; sudo apt-get install chef -y</command><timeout input_type="text">300</timeout><positive_response input_type="text" /><negative_response input_type="text" /></function>} 2 0 0 {}

2012-04-13 09:09:05 (get_steps):: DEBUG: d49f35b9-230a-4944-b31c-8da597aa183f INSTALL_PACKAGES 9 cmd_line {<function command_type="cmd_line" variables="true" parse_method="2"><conn_name input_type="text">CONN1</conn_name><command input_type="text">sudo apt-get install git -y</command><timeout input_type="text" /><positive_response input_type="text" /><negative_response input_type="text" /></function>} 2 0 0 {}

2012-04-13 09:09:05 (get_steps):: DEBUG: faf14e63-ba57-497a-8b58-6bf7074c223e MAIN 2 aws_ec2_RunInstances {<function command_type="aws_ec2_RunInstances"><aws_region input_type="dropdown" label="AWS Region" hr_after="true" style="combo" datasource="function" dataset="ddDataSource_GetAWSClouds" /><ImageId input_type="text">ami-1aad5273</ImageId><MinCount input_type="text">1</MinCount><MaxCount input_type="text">1</MaxCount><KeyName input_type="text">csk_www</KeyName><SecurityGroupId.n is_array="true"><SecurityGroupId input_type="text" /></SecurityGroupId.n><SecurityGroup.n is_array="true"><SecurityGroup input_type="text">csk_cato_dev</SecurityGroup></SecurityGroup.n><UserData input_type="text"></UserData><AddressingType input_type="text" /><InstanceType input_type="text">t1.micro</InstanceType><Placement><AvailabilityZone input_type="text" /><GroupName input_type="text" /><Tenancy input_type="text" /></Placement><KernelId input_type="text" /><RamdiskId input_type="text" /><BlockDeviceMapping.n is_array="true"><BlockDeviceMapping><DeviceName input_type="text" /><NoDevice input_type="text" /><VirtualName input_type="text" /><Ebs><SnapshotId input_type="text" /><VolumeSize input_type="text" /><DeleteOnTermination input_type="text" /></Ebs></BlockDeviceMapping></BlockDeviceMapping.n><Monitoring><Enabled input_type="text" /></Monitoring><SubnetId input_type="text" /><DisableApiTermination input_type="text" /><InstanceInitiatedShutdownBehavior input_type="text" /><PrivateIpAddress input_type="text" /><ClientToken input_type="text" /><instance_role input_type="text" label="Server Role" /><result_name input_type="text">result</result_name></function>} 0 0 0 {}

2012-04-13 09:09:05 (get_steps):: DEBUG: a800840b-0ce8-471a-8f39-65e06ebc6d5e MAIN 3 new_connection {<function command_type="new_connection"><conn_type input_type="select">ssh - ec2</conn_type><cloud_name input_type="dropdown" style="combo"></cloud_name><asset input_type="text">ubuntu@[[result.//instanceId]]</asset><conn_name input_type="text">CONN1</conn_name></function>} 0 0 0 {}

2012-04-13 09:09:05 (get_steps):: DEBUG: 896c5f45-5da7-4453-b3cb-575280bec59d MAIN 4 aws_ec2_CreateTags {<function command_type="aws_ec2_CreateTags"><aws_region input_type="dropdown" label="AWS Region" hr_after="true" style="combo" datasource="function" dataset="ddDataSource_GetAWSClouds" /><ResourceId.n is_array="true"><ResourceId input_type="text">[[result.//instanceId]]</ResourceId></ResourceId.n><Tag.n is_array="true"><Tag><Key input_type="text">Name</Key><Value input_type="text">chef wp test</Value></Tag></Tag.n><result_name label="Result Variable" input_type="text" /></function>} 0 0 0 {}

2012-04-13 09:09:05 (get_steps):: DEBUG: 94663bd9-e947-40fe-8c3e-16834acfc934 MAIN 5 codeblock {<function command_type="codeblock">
  <codeblock input_type="text">INSTALL_PACKAGES</codeblock>
</function>} 0 0 0 {}

2012-04-13 09:09:05 (get_steps):: DEBUG: 0e077a68-7541-412b-8f28-13dd19e84612 MAIN 6 codeblock {<function command_type="codeblock"><codeblock input_type="text">CONFIGURE_CHEF</codeblock></function>} 0 0 0 {}

2012-04-13 09:09:05 (get_steps):: DEBUG: c7aa5c74-9ec1-42da-8341-c1c12e72333d MAIN 7 codeblock {<function command_type="codeblock"><codeblock input_type="text">COOKBOOKS</codeblock></function>} 0 0 0 {}

2012-04-13 09:09:05 (get_steps):: DEBUG: b75e6d54-47de-466f-ad55-db70db089e85 MAIN 8 codeblock {<function command_type="codeblock"><codeblock input_type="text">DEFINE_NODE</codeblock></function>} 0 0 0 {}

2012-04-13 09:09:05 (get_steps):: DEBUG: d913daf8-66b5-4d92-b49d-18c457eb0e12 MAIN 9 cmd_line {<function command_type="cmd_line" variables="true" parse_method="2"><conn_name input_type="text">CONN1</conn_name><command input_type="text">cd ~</command><timeout input_type="text" /><positive_response input_type="text" /><negative_response input_type="text" /></function>} 2 0 0 {}

2012-04-13 09:09:05 (get_steps):: DEBUG: 11daedbb-c503-4693-8c15-769c3026b0e9 MAIN 10 cmd_line {<function command_type="cmd_line" variables="true" parse_method="2"><conn_name input_type="text">CONN1</conn_name><command input_type="text">sudo chef-solo -j node.json</command><timeout input_type="text">300</timeout><positive_response input_type="text" /><negative_response input_type="text" /></function>} 2 0 0 {}

2012-04-13 09:09:05 (retrieve_params):: Task parameters ><parameters>
  <parameter id="p_35ea8f4a-f160-4e61-9f81-d347ff231f91" required="true" prompt="true" encrypt="false" minlength="" maxlength="" minvalue="" maxvalue="" constraint="" constraint_msg="">
    <name>cookbooks</name>
    <desc>
    </desc>
    <values present_as="list">
      <value id="pv_cc1d13ed-268f-4a3d-a77e-6b4ed95e77b2">wordpress</value>
    </values>
  </parameter>
</parameters><.

2012-04-13 09:09:05 (parse_input_params):: value node COOKBOOKS, wordpress

2012-04-13 09:09:05 (retrieve_params):: Task parameters ><parameters><parameter id="p_35ea8f4a-f160-4e61-9f81-d347ff231f91" required="true"><name>cookbooks</name><values present_as="list"><value>wordpress</value></values></parameter></parameters><.

2012-04-13 09:09:05 (parse_input_params):: value node COOKBOOKS, wordpress

2012-04-13 09:09:05 (run_commands):: ##### Processing Codeblock {MAIN}

2012-04-13 09:09:05 (process_step):: **************************************************************

2012-04-13 09:09:05 (process_step):: **** PROCESSING STEP faf14e63-ba57-497a-8b58-6bf7074c223e

2012-04-13 09:09:05 (process_step):: **************************************************************

2012-04-13 09:09:05 (process_step):: Command is {aws_ec2_RunInstances}

2012-04-13 09:09:05 (aws_Generic):: tclcloud::call ec2 "" RunInstances

2012-04-13 09:09:05 (aws_Generic):: tclcloud::call ec2 {} RunInstances {ImageId ami-1aad5273 MinCount 1 MaxCount 1 KeyName csk_www SecurityGroup.1 csk_cato_dev InstanceType t1.micro} {}

2012-04-13 09:09:05 (insert_audit):: RunInstances ImageId ami-1aad5273 MinCount 1 MaxCount 1 KeyName csk_www SecurityGroup.1 csk_cato_dev InstanceType t1.micro
OK
<?xml version="1.0" encoding="UTF-8"?>
<RunInstancesResponse xmlns="http://ec2.amazonaws.com/doc/2011-01-01/">
    <requestId>d355ef25-1fc4-46e4-99ee-b3eca56a4352</requestId>
    <reservationId>r-e86f328b</reservationId>
    <ownerId>168072514917</ownerId>
    <groupSet>
        <item>
            <groupId>sg-49dfcd20</groupId>
            <groupName>csk_cato_dev</groupName>
        </item>
    </groupSet>
    <instancesSet>
        <item>
            <instanceId>i-0ee96869</instanceId>
            <imageId>ami-1aad5273</imageId>
            <instanceState>
                <code>0</code>
                <name>pending</name>
            </instanceState>
            <privateDnsName/>
            <dnsName/>
            <reason/>
            <keyName>csk_www</keyName>
            <amiLaunchIndex>0</amiLaunchIndex>
            <productCodes/>
            <instanceType>t1.micro</instanceType>
            <launchTime>2012-04-13T13:09:05.000Z</launchTime>
            <placement>
                <availabilityZone>us-east-1b</availabilityZone>
                <groupName/>
            </placement>
            <kernelId>aki-427d952b</kernelId>
            <monitoring>
                <state>disabled</state>
            </monitoring>
            <groupSet>
                <item>
                    <groupId>sg-49dfcd20</groupId>
                    <groupName>csk_cato_dev</groupName>
                </item>
            </groupSet>
            <stateReason>
                <code>pending</code>
                <message>pending</message>
            </stateReason>
            <architecture>x86_64</architecture>
            <rootDeviceType>ebs</rootDeviceType>
            <rootDeviceName>/dev/sda1</rootDeviceName>
            <blockDeviceMapping/>
            <virtualizationType>paravirtual</virtualizationType>
            <clientToken/>
            <hypervisor>xen</hypervisor>
        </item>
    </instancesSet>
</RunInstancesResponse>

2012-04-13 09:09:05 (aws_Generic):: result is <?xml version="1.0" encoding="UTF-8"?>
<RunInstancesResponse xmlns="http://ec2.amazonaws.com/doc/2011-01-01/">
    <requestId>d355ef25-1fc4-46e4-99ee-b3eca56a4352</requestId>
    <reservationId>r-e86f328b</reservationId>
    <ownerId>168072514917</ownerId>
    <groupSet>
        <item>
            <groupId>sg-49dfcd20</groupId>
            <groupName>csk_cato_dev</groupName>
        </item>
    </groupSet>
    <instancesSet>
        <item>
            <instanceId>i-0ee96869</instanceId>
            <imageId>ami-1aad5273</imageId>
            <instanceState>
                <code>0</code>
                <name>pending</name>
            </instanceState>
            <privateDnsName/>
            <dnsName/>
            <reason/>
            <keyName>csk_www</keyName>
            <amiLaunchIndex>0</amiLaunchIndex>
            <productCodes/>
            <instanceType>t1.micro</instanceType>
            <launchTime>2012-04-13T13:09:05.000Z</launchTime>
            <placement>
                <availabilityZone>us-east-1b</availabilityZone>
                <groupName/>
            </placement>
            <kernelId>aki-427d952b</kernelId>
            <monitoring>
                <state>disabled</state>
            </monitoring>
            <groupSet>
                <item>
                    <groupId>sg-49dfcd20</groupId>
                    <groupName>csk_cato_dev</groupName>
                </item>
            </groupSet>
            <stateReason>
                <code>pending</code>
                <message>pending</message>
            </stateReason>
            <architecture>x86_64</architecture>
            <rootDeviceType>ebs</rootDeviceType>
            <rootDeviceName>/dev/sda1</rootDeviceName>
            <blockDeviceMapping/>
            <virtualizationType>paravirtual</virtualizationType>
            <clientToken/>
            <hypervisor>xen</hypervisor>
        </item>
    </instancesSet>
</RunInstancesResponse>

2012-04-13 09:09:05 (aws_Generic):: varname is result

2012-04-13 09:09:05 (aws_get_results):: setting result,1 to <RunInstancesResponse>
    <requestId>d355ef25-1fc4-46e4-99ee-b3eca56a4352</requestId>
    <reservationId>r-e86f328b</reservationId>
    <ownerId>168072514917</ownerId>
    <groupSet>
        <item>
            <groupId>sg-49dfcd20</groupId>
            <groupName>csk_cato_dev</groupName>
        </item>
    </groupSet>
    <instancesSet>
        <item>
            <instanceId>i-0ee96869</instanceId>
            <imageId>ami-1aad5273</imageId>
            <instanceState>
                <code>0</code>
                <name>pending</name>
            </instanceState>
            <privateDnsName/>
            <dnsName/>
            <reason/>
            <keyName>csk_www</keyName>
            <amiLaunchIndex>0</amiLaunchIndex>
            <productCodes/>
            <instanceType>t1.micro</instanceType>
            <launchTime>2012-04-13T13:09:05.000Z</launchTime>
            <placement>
                <availabilityZone>us-east-1b</availabilityZone>
                <groupName/>
            </placement>
            <kernelId>aki-427d952b</kernelId>
            <monitoring>
                <state>disabled</state>
            </monitoring>
            <groupSet>
                <item>
                    <groupId>sg-49dfcd20</groupId>
                    <groupName>csk_cato_dev</groupName>
                </item>
            </groupSet>
            <stateReason>
                <code>pending</code>
                <message>pending</message>
            </stateReason>
            <architecture>x86_64</architecture>
            <rootDeviceType>ebs</rootDeviceType>
            <rootDeviceName>/dev/sda1</rootDeviceName>
            <blockDeviceMapping/>
            <virtualizationType>paravirtual</virtualizationType>
            <clientToken/>
            <hypervisor>xen</hypervisor>
        </item>
    </instancesSet>
</RunInstancesResponse>


2012-04-13 09:09:05 (process_step):: **************************************************************

2012-04-13 09:09:05 (process_step):: **** PROCESSING STEP a800840b-0ce8-471a-8f39-65e06ebc6d5e

2012-04-13 09:09:05 (process_step):: **************************************************************

2012-04-13 09:09:05 (process_step):: Command is {new_connection}

2012-04-13 09:09:05 (replace_variables):: xpath is //instanceId

2012-04-13 09:09:05 (replace_variables):: variable is result

2012-04-13 09:09:05 (replace_variables):: //instanceId = i-0ee96869

2012-04-13 09:09:06 (gather_aws_system_info):: <?xml version="1.0" encoding="UTF-8"?>
<DescribeInstancesResponse xmlns="http://ec2.amazonaws.com/doc/2011-01-01/">
    <requestId>61cd6624-c0bd-4691-8619-e0a57b84729f</requestId>
    <reservationSet>
        <item>
            <reservationId>r-e86f328b</reservationId>
            <ownerId>168072514917</ownerId>
            <groupSet>
                <item>
                    <groupId>sg-49dfcd20</groupId>
                    <groupName>csk_cato_dev</groupName>
                </item>
            </groupSet>
            <instancesSet>
                <item>
                    <instanceId>i-0ee96869</instanceId>
                    <imageId>ami-1aad5273</imageId>
                    <instanceState>
                        <code>0</code>
                        <name>pending</name>
                    </instanceState>
                    <privateDnsName/>
                    <dnsName/>
                    <reason/>
                    <keyName>csk_www</keyName>
                    <amiLaunchIndex>0</amiLaunchIndex>
                    <productCodes/>
                    <instanceType>t1.micro</instanceType>
                    <launchTime>2012-04-13T13:09:05.000Z</launchTime>
                    <placement>
                        <availabilityZone>us-east-1b</availabilityZone>
                        <groupName/>
                    </placement>
                    <kernelId>aki-427d952b</kernelId>
                    <monitoring>
                        <state>disabled</state>
                    </monitoring>
                    <groupSet>
                        <item>
                            <groupId>sg-49dfcd20</groupId>
                            <groupName>csk_cato_dev</groupName>
                        </item>
                    </groupSet>
                    <architecture>x86_64</architecture>
                    <rootDeviceType>ebs</rootDeviceType>
                    <rootDeviceName>/dev/sda1</rootDeviceName>
                    <blockDeviceMapping/>
                    <virtualizationType>paravirtual</virtualizationType>
                    <clientToken/>
                    <hypervisor>xen</hypervisor>
                </item>
            </instancesSet>
        </item>
    </reservationSet>
</DescribeInstancesResponse>

2012-04-13 09:09:06 (insert_audit):: Instance i-0ee96869 status is pending. Will check again in 10 seconds.

2012-04-13 09:09:16 (gather_aws_system_info):: <?xml version="1.0" encoding="UTF-8"?>
<DescribeInstancesResponse xmlns="http://ec2.amazonaws.com/doc/2011-01-01/">
    <requestId>a56a5d07-3403-448e-a522-056d5e722341</requestId>
    <reservationSet>
        <item>
            <reservationId>r-e86f328b</reservationId>
            <ownerId>168072514917</ownerId>
            <groupSet>
                <item>
                    <groupId>sg-49dfcd20</groupId>
                    <groupName>csk_cato_dev</groupName>
                </item>
            </groupSet>
            <instancesSet>
                <item>
                    <instanceId>i-0ee96869</instanceId>
                    <imageId>ami-1aad5273</imageId>
                    <instanceState>
                        <code>0</code>
                        <name>pending</name>
                    </instanceState>
                    <privateDnsName/>
                    <dnsName/>
                    <reason/>
                    <keyName>csk_www</keyName>
                    <amiLaunchIndex>0</amiLaunchIndex>
                    <productCodes/>
                    <instanceType>t1.micro</instanceType>
                    <launchTime>2012-04-13T13:09:05.000Z</launchTime>
                    <placement>
                        <availabilityZone>us-east-1b</availabilityZone>
                        <groupName/>
                    </placement>
                    <kernelId>aki-427d952b</kernelId>
                    <monitoring>
                        <state>disabled</state>
                    </monitoring>
                    <groupSet>
                        <item>
                            <groupId>sg-49dfcd20</groupId>
                            <groupName>csk_cato_dev</groupName>
                        </item>
                    </groupSet>
                    <architecture>x86_64</architecture>
                    <rootDeviceType>ebs</rootDeviceType>
                    <rootDeviceName>/dev/sda1</rootDeviceName>
                    <blockDeviceMapping/>
                    <virtualizationType>paravirtual</virtualizationType>
                    <clientToken/>
                    <hypervisor>xen</hypervisor>
                </item>
            </instancesSet>
        </item>
    </reservationSet>
</DescribeInstancesResponse>

2012-04-13 09:09:16 (insert_audit):: Instance i-0ee96869 status is pending. Will check again in 10 seconds.

2012-04-13 09:09:26 (gather_aws_system_info):: <?xml version="1.0" encoding="UTF-8"?>
<DescribeInstancesResponse xmlns="http://ec2.amazonaws.com/doc/2011-01-01/">
    <requestId>833fe0a8-4609-460f-bfb7-ff48047d7f75</requestId>
    <reservationSet>
        <item>
            <reservationId>r-e86f328b</reservationId>
            <ownerId>168072514917</ownerId>
            <groupSet>
                <item>
                    <groupId>sg-49dfcd20</groupId>
                    <groupName>csk_cato_dev</groupName>
                </item>
            </groupSet>
            <instancesSet>
                <item>
                    <instanceId>i-0ee96869</instanceId>
                    <imageId>ami-1aad5273</imageId>
                    <instanceState>
                        <code>0</code>
                        <name>pending</name>
                    </instanceState>
                    <privateDnsName/>
                    <dnsName/>
                    <reason/>
                    <keyName>csk_www</keyName>
                    <amiLaunchIndex>0</amiLaunchIndex>
                    <productCodes/>
                    <instanceType>t1.micro</instanceType>
                    <launchTime>2012-04-13T13:09:05.000Z</launchTime>
                    <placement>
                        <availabilityZone>us-east-1b</availabilityZone>
                        <groupName/>
                    </placement>
                    <kernelId>aki-427d952b</kernelId>
                    <monitoring>
                        <state>disabled</state>
                    </monitoring>
                    <groupSet>
                        <item>
                            <groupId>sg-49dfcd20</groupId>
                            <groupName>csk_cato_dev</groupName>
                        </item>
                    </groupSet>
                    <architecture>x86_64</architecture>
                    <rootDeviceType>ebs</rootDeviceType>
                    <rootDeviceName>/dev/sda1</rootDeviceName>
                    <blockDeviceMapping/>
                    <virtualizationType>paravirtual</virtualizationType>
                    <clientToken/>
                    <hypervisor>xen</hypervisor>
                </item>
            </instancesSet>
        </item>
    </reservationSet>
</DescribeInstancesResponse>

2012-04-13 09:09:26 (insert_audit):: Instance i-0ee96869 status is pending. Will check again in 10 seconds.

2012-04-13 09:09:36 (gather_aws_system_info):: <?xml version="1.0" encoding="UTF-8"?>
<DescribeInstancesResponse xmlns="http://ec2.amazonaws.com/doc/2011-01-01/">
    <requestId>d09635b1-8cfa-4a8a-893d-70d60634da98</requestId>
    <reservationSet>
        <item>
            <reservationId>r-e86f328b</reservationId>
            <ownerId>168072514917</ownerId>
            <groupSet>
                <item>
                    <groupId>sg-49dfcd20</groupId>
                    <groupName>csk_cato_dev</groupName>
                </item>
            </groupSet>
            <instancesSet>
                <item>
                    <instanceId>i-0ee96869</instanceId>
                    <imageId>ami-1aad5273</imageId>
                    <instanceState>
                        <code>0</code>
                        <name>pending</name>
                    </instanceState>
                    <privateDnsName/>
                    <dnsName/>
                    <reason/>
                    <keyName>csk_www</keyName>
                    <amiLaunchIndex>0</amiLaunchIndex>
                    <productCodes/>
                    <instanceType>t1.micro</instanceType>
                    <launchTime>2012-04-13T13:09:05.000Z</launchTime>
                    <placement>
                        <availabilityZone>us-east-1b</availabilityZone>
                        <groupName/>
                    </placement>
                    <kernelId>aki-427d952b</kernelId>
                    <monitoring>
                        <state>disabled</state>
                    </monitoring>
                    <groupSet>
                        <item>
                            <groupId>sg-49dfcd20</groupId>
                            <groupName>csk_cato_dev</groupName>
                        </item>
                    </groupSet>
                    <architecture>x86_64</architecture>
                    <rootDeviceType>ebs</rootDeviceType>
                    <rootDeviceName>/dev/sda1</rootDeviceName>
                    <blockDeviceMapping/>
                    <virtualizationType>paravirtual</virtualizationType>
                    <clientToken/>
                    <hypervisor>xen</hypervisor>
                </item>
            </instancesSet>
        </item>
    </reservationSet>
</DescribeInstancesResponse>

2012-04-13 09:09:36 (insert_audit):: Instance i-0ee96869 status is pending. Will check again in 10 seconds.

2012-04-13 09:09:46 (gather_aws_system_info):: <?xml version="1.0" encoding="UTF-8"?>
<DescribeInstancesResponse xmlns="http://ec2.amazonaws.com/doc/2011-01-01/">
    <requestId>b26ae017-86ac-4342-ac74-704b543f0dcd</requestId>
    <reservationSet>
        <item>
            <reservationId>r-e86f328b</reservationId>
            <ownerId>168072514917</ownerId>
            <groupSet>
                <item>
                    <groupId>sg-49dfcd20</groupId>
                    <groupName>csk_cato_dev</groupName>
                </item>
            </groupSet>
            <instancesSet>
                <item>
                    <instanceId>i-0ee96869</instanceId>
                    <imageId>ami-1aad5273</imageId>
                    <instanceState>
                        <code>16</code>
                        <name>running</name>
                    </instanceState>
                    <privateDnsName>ip-10-194-187-58.ec2.internal</privateDnsName>
                    <dnsName>ec2-50-17-29-89.compute-1.amazonaws.com</dnsName>
                    <reason/>
                    <keyName>csk_www</keyName>
                    <amiLaunchIndex>0</amiLaunchIndex>
                    <productCodes/>
                    <instanceType>t1.micro</instanceType>
                    <launchTime>2012-04-13T13:09:05.000Z</launchTime>
                    <placement>
                        <availabilityZone>us-east-1b</availabilityZone>
                        <groupName/>
                    </placement>
                    <kernelId>aki-427d952b</kernelId>
                    <monitoring>
                        <state>disabled</state>
                    </monitoring>
                    <privateIpAddress>10.194.187.58</privateIpAddress>
                    <ipAddress>50.17.29.89</ipAddress>
                    <groupSet>
                        <item>
                            <groupId>sg-49dfcd20</groupId>
                            <groupName>csk_cato_dev</groupName>
                        </item>
                    </groupSet>
                    <architecture>x86_64</architecture>
                    <rootDeviceType>ebs</rootDeviceType>
                    <rootDeviceName>/dev/sda1</rootDeviceName>
                    <blockDeviceMapping>
                        <item>
                            <deviceName>/dev/sda1</deviceName>
                            <ebs>
                                <volumeId>vol-e80ddf87</volumeId>
                                <status>attached</status>
                                <attachTime>2012-04-13T13:09:38.000Z</attachTime>
                                <deleteOnTermination>true</deleteOnTermination>
                            </ebs>
                        </item>
                    </blockDeviceMapping>
                    <virtualizationType>paravirtual</virtualizationType>
                    <clientToken/>
                    <hypervisor>xen</hypervisor>
                </item>
            </instancesSet>
        </item>
    </reservationSet>
</DescribeInstancesResponse>

2012-04-13 09:09:46 (gather_aws_system_info):: i-0ee96869 state = running, keyname = csk_www, platform = linux, address = ec2-50-17-29-89.compute-1.amazonaws.com

2012-04-13 09:09:46 (insert_audit):: Connecting to (ubuntu@i-0ee96869)... 

2012-04-13 09:09:46 (connect_system):: Going into system ec2-50-17-29-89.compute-1.amazonaws.com userid ubuntu with conn type of ssh - ec2
spawn /usr/bin/ssh -i /tmp/c152adb0-fac3-49d2-691d-d16c21e76cd8.pem ubuntu@ec2-50-17-29-89.compute-1.amazonaws.com

2012-04-13 09:09:47 (telnet_logon):: Opened ssh.

2012-04-13 09:09:47 (telnet_logon):: Looking for password prompt...

2012-04-13 09:10:17 (insert_audit):: Timeout attempting to connect to ec2-50-17-29-89.compute-1.amazonaws.com. Will try again in 10 seconds.
spawn /usr/bin/ssh -i /tmp/c07c4b63-988f-4cdf-5812-86881e5d7496.pem ubuntu@ec2-50-17-29-89.compute-1.amazonaws.com

2012-04-13 09:10:27 (telnet_logon):: Opened ssh.

2012-04-13 09:10:27 (telnet_logon):: Looking for password prompt...

2012-04-13 09:10:57 (insert_audit):: Timeout attempting to connect to ec2-50-17-29-89.compute-1.amazonaws.com. Will try again in 10 seconds.
spawn /usr/bin/ssh -i /tmp/1c7954b8-9351-49c1-4d84-0bd029ec4d79.pem ubuntu@ec2-50-17-29-89.compute-1.amazonaws.com

2012-04-13 09:11:07 (telnet_logon):: Opened ssh.

2012-04-13 09:11:07 (telnet_logon):: Looking for password prompt...

2012-04-13 09:11:37 (insert_audit):: Timeout attempting to connect to ec2-50-17-29-89.compute-1.amazonaws.com. Will try again in 10 seconds.
spawn /usr/bin/ssh -i /tmp/07e57c42-c665-44e8-4828-f30df1e2de8e.pem ubuntu@ec2-50-17-29-89.compute-1.amazonaws.com

2012-04-13 09:11:47 (telnet_logon):: Opened ssh.

2012-04-13 09:11:47 (telnet_logon):: Looking for password prompt...

2012-04-13 09:12:17 (insert_audit):: Timeout attempting to connect to ec2-50-17-29-89.compute-1.amazonaws.com. Will try again in 10 seconds.
spawn /usr/bin/ssh -i /tmp/b1ee7913-b146-4182-7d10-5a5f9b139c25.pem ubuntu@ec2-50-17-29-89.compute-1.amazonaws.com

2012-04-13 09:12:27 (telnet_logon):: Opened ssh.

2012-04-13 09:12:27 (telnet_logon):: Looking for password prompt...

2012-04-13 09:12:57 (insert_audit):: Timeout attempting to connect to ec2-50-17-29-89.compute-1.amazonaws.com. Will try again in 10 seconds.
spawn /usr/bin/ssh -i /tmp/7343cf05-ea31-4422-73f3-35d20baf8897.pem ubuntu@ec2-50-17-29-89.compute-1.amazonaws.com

2012-04-13 09:13:07 (telnet_logon):: Opened ssh.

2012-04-13 09:13:07 (telnet_logon):: Looking for password prompt...

2012-04-13 09:13:37 (insert_audit):: Timeout attempting to connect to ec2-50-17-29-89.compute-1.amazonaws.com. Will try again in 10 seconds.
spawn /usr/bin/ssh -i /tmp/5d38b09f-adee-4d46-429a-731cc8f674f1.pem ubuntu@ec2-50-17-29-89.compute-1.amazonaws.com

2012-04-13 09:13:47 (telnet_logon):: Opened ssh.

2012-04-13 09:13:47 (telnet_logon):: Looking for password prompt...

2012-04-13 09:14:17 (insert_audit):: Timeout attempting to connect to ec2-50-17-29-89.compute-1.amazonaws.com. Will try again in 10 seconds.
spawn /usr/bin/ssh -i /tmp/3d9523d3-3345-4b30-4e32-3eadaa0d8e92.pem ubuntu@ec2-50-17-29-89.compute-1.amazonaws.com

2012-04-13 09:14:27 (telnet_logon):: Opened ssh.

2012-04-13 09:14:27 (telnet_logon):: Looking for password prompt...

2012-04-13 09:14:57 (insert_audit):: Timeout attempting to connect to ec2-50-17-29-89.compute-1.amazonaws.com. Will try again in 10 seconds.
spawn /usr/bin/ssh -i /tmp/0e7c6a28-b462-452a-73cd-d36659e0b2ba.pem ubuntu@ec2-50-17-29-89.compute-1.amazonaws.com

2012-04-13 09:15:08 (telnet_logon):: Opened ssh.

2012-04-13 09:15:08 (telnet_logon):: Looking for password prompt...

2012-04-13 09:15:38 (insert_audit):: Timeout attempting to connect to ec2-50-17-29-89.compute-1.amazonaws.com. Will try again in 10 seconds.
spawn /usr/bin/ssh -i /tmp/8aee0618-3cbe-43af-61bc-625b709cfc54.pem ubuntu@ec2-50-17-29-89.compute-1.amazonaws.com

2012-04-13 09:15:48 (telnet_logon):: Opened ssh.

2012-04-13 09:15:48 (telnet_logon):: Looking for password prompt...

2012-04-13 09:16:18 (run_task_instance):: ERROR -> Error Code: 1019, Timeout waiting for password prompt


2012-04-13 09:16:18 (run_task_instance):: Timeout waiting for password prompt

    (procedure "error_out" line 1)
    invoked from within
"error_out $error_msg 1019"
    invoked from within
"expect {
		-re "password will expire(.*)assword: " {
			insert_audit $::STEP_ID "$telnet_ssh password for userid {$userid} set to expire." ""
		}
		-r..."
    (procedure "telnet_logon" line 114)
    invoked from within
"telnet_logon $::system_arr($system,address) $::system_arr($system,userid) $::system_arr($system,password) yes ssh $flag $::system_arr($system,private_..."
    ("ssh - ec2" arm line 11)
    invoked from within
"switch -exact -- $conn_type {
		telnet {
			set timeout_flag [telnet_logon $::system_arr($system,address) $::system_arr($system,userid) $::system_arr(..."
    (procedure "connect_system" line 21)
    invoked from within
"connect_system $connection_system $conn_type """
    (procedure "new_connection" line 50)
    invoked from within
"new_connection $connection_system $conn_name $conn_type $cloud_name"
    (procedure "new_connection_command" line 18)
    invoked from within
"new_connection_command $command"
    ("new_connection" arm line 2)
    invoked from within
"switch -glob -- $function_name {
	       "aws_*" {
		      set aws_split [split $function_name "_"]
		      aws_Generic [lindex $aws_split 1] [lindex ..."
    (procedure "process_step" line 55)
    invoked from within
"process_step $codeblock_step $task_name"
    (procedure "run_commands" line 44)
    invoked from within
"run_commands $TASK_ID MAIN"
    (procedure "process_task" line 66)
    invoked from within
"process_task"

2012-04-13 09:16:18 (insert_audit):: ERROR -> Error Code: 1019, Timeout waiting for password prompt


2012-04-13 09:16:18 (run_task_instance):: can't read "::CE_NAME": no such variable

2012-04-13 09:16:18 (update_status):: Updating task instance {4748} to {Error}.

2012-04-13 09:16:18 (insert_audit):: Erroring task instance {4748}... error code {NONE}.

2012-04-13 09:16:18 (update_status):: Updating task instance {4748} to {Error}.

2012-04-13 09:16:18 (release_all):: Releasing all connections

2012-04-13 09:16:18 (release_all):: Deleting key file c152adb0-fac3-49d2-691d-d16c21e76cd8.pem

2012-04-13 09:16:18 (release_all):: Deleting key file c07c4b63-988f-4cdf-5812-86881e5d7496.pem

2012-04-13 09:16:18 (release_all):: Deleting key file 1c7954b8-9351-49c1-4d84-0bd029ec4d79.pem

2012-04-13 09:16:18 (release_all):: Deleting key file 07e57c42-c665-44e8-4828-f30df1e2de8e.pem

2012-04-13 09:16:18 (release_all):: Deleting key file b1ee7913-b146-4182-7d10-5a5f9b139c25.pem

2012-04-13 09:16:18 (release_all):: Deleting key file 7343cf05-ea31-4422-73f3-35d20baf8897.pem

2012-04-13 09:16:18 (release_all):: Deleting key file 5d38b09f-adee-4d46-429a-731cc8f674f1.pem

2012-04-13 09:16:18 (release_all):: Deleting key file 3d9523d3-3345-4b30-4e32-3eadaa0d8e92.pem

2012-04-13 09:16:18 (release_all):: Deleting key file 0e7c6a28-b462-452a-73cd-d36659e0b2ba.pem

2012-04-13 09:16:18 (release_all):: Deleting key file 8aee0618-3cbe-43af-61bc-625b709cfc54.pem

2012-04-13 09:16:18 (insert_audit):: <result_summary><items></items></result_summary>
