
2012-05-14 22:42:57 (main):: Task Instance: {4760} PID: {2075}

2012-05-14 22:42:58 (process_task):: Task Name a2 - Version 1.000 (DEBUG LEVEL: 4), Ecosystem id: 

2012-05-14 22:42:59 (get_steps):: select step_id, upper(codeblock_name), step_order, function_name
			, function_xml
			, output_parse_type, output_row_delimiter, output_column_delimiter
			, variable_xml
		from task_step 
		where task_id = '1e18de6f-e9a6-4905-8875-f957f8b856bc'
			and commented = 0
		order by codeblock_name, step_order asc

2012-05-14 22:42:59 (get_steps):: DEBUG: 6550ff35-9aaa-11e1-a166-c8bcc89c1491 MAIN 1 codeblock {<function name="codeblock">
					<codeblock input_type="text" />
				</function>} 0 0 0 {}

2012-05-14 22:42:59 (get_steps):: DEBUG: 5f780a63-9aaa-11e1-a9bb-c8bcc89c1491 MAIN 2 if {<function name="if">
					<tests>
						<test>
							<eval />
							<action />
						</test>
					</tests>
				</function>} 0 0 0 {}

2012-05-14 22:42:59 (get_steps):: DEBUG: 68332417-9aaa-11e1-9b73-c8bcc89c1491 MAIN 3 break_loop {<function name="break_loop" />} 0 0 0 {}

2012-05-14 22:42:59 (retrieve_params):: Task parameters ><parameters><parameter constraint="" constraint_msg="" encrypt="false" id="p_a8794d7a-92fd-11e1-8cf2-c8bcc89c1491" maxlength="" maxvalue="" minlength="" minvalue="" prompt="true" required="true"><name>option_two</name><desc /><values present_as="value"><value id="pv_643c7985-9a0f-11e1-89dc-c8bcc89c1491">2</value></values></parameter><parameter constraint="" constraint_msg="" encrypt="true" id="p_ff031a0a-9a06-11e1-82fd-c8bcc89c1491" maxlength="" maxvalue="" minlength="" minvalue="" prompt="true" required="false"><name>option_one</name><desc /><values present_as="value"><value id="pv_c5db7a6b-9a0e-11e1-827e-c8bcc89c1491" /></values></parameter></parameters><.

2012-05-14 22:42:59 (parse_input_params):: value node OPTION_TWO, 2

2012-05-14 22:42:59 (parse_input_params):: value node OPTION_ONE, 

2012-05-14 22:42:59 (retrieve_params):: Task parameters ><parameters>
<parameter id="p_e6bbcc28-92fc-11e1-9c8d-c8bcc89c1491" required="false">
<name>asdf</name>
<values present_as="value">
<value>hi</value>
</values>
</parameter>
<parameter id="p_a8794d7a-92fd-11e1-8cf2-c8bcc89c1491" required="true">
<name>qqq</name>
<values present_as="value">
<value>www</value>
</values>
</parameter>
</parameters><.

2012-05-14 22:42:59 (parse_input_params):: value node ASDF, hi

2012-05-14 22:42:59 (parse_input_params):: value node QQQ, www

2012-05-14 22:42:59 (run_commands):: ##### Processing Codeblock {MAIN}

2012-05-14 22:42:59 (process_step):: **************************************************************

2012-05-14 22:42:59 (process_step):: **** PROCESSING STEP 6550ff35-9aaa-11e1-a166-c8bcc89c1491

2012-05-14 22:42:59 (process_step):: **************************************************************

2012-05-14 22:42:59 (process_step):: Command is {codeblock}

2012-05-14 22:42:59 (run_task_instance):: ERROR -> Error Code: 2017, Codeblock name empty, value is required.

2012-05-14 22:42:59 (run_task_instance):: Codeblock name empty, value is required.
    (procedure "error_out" line 1)
    invoked from within
"error_out "Codeblock name empty, value is required." 2017"
    ("codeblock" arm line 8)
    invoked from within
"switch -glob -- $function_name {
	       "aws_*" {
		      set aws_split [split $function_name "_"]
		      aws_Generic [lindex $aws_split 1] [lindex ..."
    (procedure "process_step" line 55)
    invoked from within
"process_step $codeblock_step $task_name"
    (procedure "run_commands" line 44)
    invoked from within
"run_commands $TASK_ID MAIN"
    (procedure "process_task" line 66)
    invoked from within
"process_task"

2012-05-14 22:42:59 (insert_audit):: ERROR -> Error Code: 2017, Codeblock name empty, value is required.

2012-05-14 22:43:00 (insert_audit):: Inserting into message queue : TO:{shannon.cruey@cloudsidekick.com} SUBJECT:{Task Error - a2, error code 2017 at 2012-05-14 22:43:00, node aluminumoverdrive.local} BODY:{ERROR -> Error Code: 2017, Codeblock name empty, value is required.}

2012-05-14 22:43:00 (run_task_instance):: 1

2012-05-14 22:43:00 (update_status):: Updating task instance {4760} to {Error}.

2012-05-14 22:43:00 (insert_audit):: Erroring task instance {4760}... error code {2017}.

2012-05-14 22:43:00 (update_status):: Updating task instance {4760} to {Error}.

2012-05-14 22:43:00 (release_all):: Releasing all connections

2012-05-14 22:43:00 (insert_audit):: <result_summary><items></items></result_summary>
